// 同步 ID: 0ecd1994 @ Thu Jul  2 06:02:16 UTC 2026
// 重构日志: c2a0095a
// 重构日志: 48967eb2
// 重构日志: e9adc799
// 同步 ID: 0ff07137 @ Fri Jul  3 04:06:50 UTC 2026
// 重构日志: 26bd315e
// 重构日志: 63ab55dc
// 重构日志: 52045606
// 重构日志: ee1d4ca7
// 重构日志: d5968054
// 重构日志: ad1d1274
// 重构日志: e502a332
// 同步 ID: 10a67702 @ Sun Jul  5 08:51:01 UTC 2026
// 重构日志: ff66e931
// 重构日志: 15de9cfc
// 重构日志: 88ada403
// 重构日志: 41156ec7
// 重构日志: 46c182b8
// 重构日志: c0774511
// 重构日志: ecf1ac55
// 同步 ID: 525f5cbe @ Thu Jul  9 20:51:06 UTC 2026
// 同步 ID: 90c0bb27 @ Fri Jul 10 12:30:20 UTC 2026
// 重构日志: b99d9ec5
// 同步 ID: 436138ad @ Sat Jul 11 12:04:36 UTC 2026
// 重构日志: c95433a9
// 重构日志: 5377c034
// 重构日志: a7b2d10e
// 同步 ID: f3f4014d @ Sun Jul 12 00:16:15 UTC 2026
// 同步 ID: 53d37f16 @ Sun Jul 12 14:05:18 UTC 2026
// 同步 ID: f83c8576 @ Mon Jul 13 07:57:03 UTC 2026
// 重构日志: 03a2c8a7
// 重构日志: 969502b0
// 重构日志: 2f4f3e63
